
{"message":{"method":"GET","url":"/users","body":{},"params":{}},"level":"info","service":"user-service"}
{"message":{"method":"POST","url":"/boards","body":{"title":"Autotest board","columns":[{"title":"Backlog","order":1},{"title":"Sprint","order":2}]},"params":{}},"level":"info","service":"user-service"}
{"message":{"method":"POST","url":"/boards","body":{"title":"Autotest board","columns":[{"title":"Backlog","order":1},{"title":"Sprint","order":2}]},"params":{}},"level":"info","service":"user-service"}
{"message":{"method":"POST","url":"/users","body":{"name":"TEST_USER","login":"test_user","password":"T35t_P@55w0rd"},"params":{}},"level":"info","service":"user-service"}
{"message":{"method":"POST","url":"/boards/f1697344-3dc4-46eb-8240-8068948aa1dc/tasks","body":{"title":"Autotest task","order":0,"description":"Lorem ipsum","userId":null,"boardId":null,"columnId":null},"params":{}},"level":"info","service":"user-service"}
{"message":{"method":"GET","url":"/users/85fc6858-4bca-47df-b278-5d55280b2e4a","body":{},"params":{}},"level":"info","service":"user-service"}
{"message":{"method":"GET","url":"/boards","body":{},"params":{}},"level":"info","service":"user-service"}
{"message":{"method":"GET","url":"/boards/f1697344-3dc4-46eb-8240-8068948aa1dc/tasks","body":{},"params":{}},"level":"info","service":"user-service"}
{"message":{"method":"DELETE","url":"/users/85fc6858-4bca-47df-b278-5d55280b2e4a","body":{},"params":{}},"level":"info","service":"user-service"}
{"message":{"method":"POST","url":"/users","body":{"name":"TEST_USER","login":"test_user","password":"T35t_P@55w0rd"},"params":{}},"level":"info","service":"user-service"}
{"message":{"method":"GET","url":"/boards","body":{},"params":{}},"level":"info","service":"user-service"}
{"message":{"method":"GET","url":"/boards/f1697344-3dc4-46eb-8240-8068948aa1dc/tasks","body":{},"params":{}},"level":"info","service":"user-service"}
{"message":{"method":"GET","url":"/boards/dc8c3593-59be-4301-ac90-e23a97cde2a4","body":{},"params":{}},"level":"info","service":"user-service"}
{"message":{"method":"DELETE","url":"/users/73616c38-8c5d-4965-8aa4-84a488d466de","body":{},"params":{}},"level":"info","service":"user-service"}
{"message":{"method":"GET","url":"/boards/f1697344-3dc4-46eb-8240-8068948aa1dc/tasks/b6f965f9-e545-484a-b529-5795a4e4fc57","body":{},"params":{}},"level":"info","service":"user-service"}
{"message":{"method":"POST","url":"/boards","body":{"title":"Autotest board","columns":[{"title":"Backlog","order":1},{"title":"Sprint","order":2}]},"params":{}},"level":"info","service":"user-service"}
{"message":{"method":"POST","url":"/users","body":{"name":"TEST_USER","login":"test_user","password":"T35t_P@55w0rd"},"params":{}},"level":"info","service":"user-service"}
{"message":{"method":"POST","url":"/boards/f1697344-3dc4-46eb-8240-8068948aa1dc/tasks","body":{"title":"Autotest task","order":0,"description":"Lorem ipsum","userId":null,"boardId":null,"columnId":null},"params":{}},"level":"info","service":"user-service"}
{"message":{"method":"DELETE","url":"/boards/c2e7f2fb-9007-4ea4-b64f-d67d1af98be9","body":{},"params":{}},"level":"info","service":"user-service"}
{"message":{"method":"PUT","url":"/users/4a26ed86-ff8e-4506-8c94-e8c9aad7ec00","body":{"name":"Autotest updated TEST_USER","login":"test_user","password":"T35t_P@55w0rd","id":"4a26ed86-ff8e-4506-8c94-e8c9aad7ec00"},"params":{}},"level":"info","service":"user-service"}
{"message":{"method":"DELETE","url":"/boards/f1697344-3dc4-46eb-8240-8068948aa1dc/tasks/e5a3cb52-f641-41aa-b1f5-e2b986824c43","body":{},"params":{}},"level":"info","service":"user-service"}
{"message":{"method":"POST","url":"/boards","body":{"title":"Autotest board","columns":[{"title":"Backlog","order":1},{"title":"Sprint","order":2}]},"params":{}},"level":"info","service":"user-service"}
{"message":{"method":"GET","url":"/users/4a26ed86-ff8e-4506-8c94-e8c9aad7ec00","body":{},"params":{}},"level":"info","service":"user-service"}
{"message":{"method":"POST","url":"/boards/f1697344-3dc4-46eb-8240-8068948aa1dc/tasks","body":{"title":"Autotest task","order":0,"description":"Lorem ipsum","userId":null,"boardId":null,"columnId":null},"params":{}},"level":"info","service":"user-service"}
{"message":{"method":"PUT","url":"/boards/551b5932-662b-4e2b-85f2-f3ce3db31420","body":{"id":"551b5932-662b-4e2b-85f2-f3ce3db31420","title":"Autotest updated board","columns":[{"title":"Backlog","order":1},{"title":"Sprint","order":2}]},"params":{}},"level":"info","service":"user-service"}
{"message":{"method":"DELETE","url":"/users/4a26ed86-ff8e-4506-8c94-e8c9aad7ec00","body":{},"params":{}},"level":"info","service":"user-service"}
{"message":{"method":"PUT","url":"/boards/f1697344-3dc4-46eb-8240-8068948aa1dc/tasks/4609d643-28c4-47d5-aa79-cc883e46cd73","body":{"id":"4609d643-28c4-47d5-aa79-cc883e46cd73","title":"Autotest updated task","order":0,"description":"Lorem ipsum","userId":null,"boardId":"f1697344-3dc4-46eb-8240-8068948aa1dc","columnId":null},"params":{}},"level":"info","service":"user-service"}
{"message":{"method":"GET","url":"/boards/551b5932-662b-4e2b-85f2-f3ce3db31420","body":{},"params":{}},"level":"info","service":"user-service"}
{"message":{"method":"POST","url":"/users","body":{"name":"TEST_USER","login":"test_user","password":"T35t_P@55w0rd"},"params":{}},"level":"info","service":"user-service"}
{"message":{"method":"GET","url":"/boards/f1697344-3dc4-46eb-8240-8068948aa1dc/tasks/4609d643-28c4-47d5-aa79-cc883e46cd73","body":{},"params":{}},"level":"info","service":"user-service"}
{"message":{"method":"DELETE","url":"/boards/551b5932-662b-4e2b-85f2-f3ce3db31420","body":{},"params":{}},"level":"info","service":"user-service"}
{"message":{"method":"DELETE","url":"/users/1c187871-a9f1-4990-9488-59d75d2b157e","body":{},"params":{}},"level":"info","service":"user-service"}
{"message":{"method":"GET","url":"/boards/f1697344-3dc4-46eb-8240-8068948aa1dc/tasks/b6f965f9-e545-484a-b529-5795a4e4fc57","body":{},"params":{}},"level":"info","service":"user-service"}
{"message":{"method":"POST","url":"/boards","body":{"title":"Autotest board","columns":[{"title":"Backlog","order":1},{"title":"Sprint","order":2}]},"params":{}},"level":"info","service":"user-service"}
{"message":{"method":"POST","url":"/users","body":{"name":"TEST_USER","login":"test_user","password":"T35t_P@55w0rd"},"params":{}},"level":"info","service":"user-service"}
{"message":{"method":"DELETE","url":"/boards/f1697344-3dc4-46eb-8240-8068948aa1dc/tasks/b6f965f9-e545-484a-b529-5795a4e4fc57","body":{},"params":{}},"level":"info","service":"user-service"}
{"message":{"method":"DELETE","url":"/boards/20bff7b3-9abb-47a1-ba26-23bea9501d46","body":{},"params":{}},"level":"info","service":"user-service"}
{"message":{"method":"POST","url":"/boards","body":{"title":"Autotest board","columns":[{"title":"Backlog","order":1},{"title":"Sprint","order":2}]},"params":{}},"level":"info","service":"user-service"}
{"message":{"method":"GET","url":"/boards/f1697344-3dc4-46eb-8240-8068948aa1dc/tasks/b6f965f9-e545-484a-b529-5795a4e4fc57","body":{},"params":{}},"level":"info","service":"user-service"}
{"message":{"method":"GET","url":"/boards/20bff7b3-9abb-47a1-ba26-23bea9501d46","body":{},"params":{}},"level":"info","service":"user-service"}
{"message":{"method":"POST","url":"/boards/67c7f775-3e9a-49be-a1f5-8e86f4bd8f55/tasks","body":{"title":"Task #1","order":1,"description":"Lorem ipsum","userId":"dc2d5c68-5325-433d-b7d5-7c8c48f0f0ca","boardId":"67c7f775-3e9a-49be-a1f5-8e86f4bd8f55"},"params":{}},"level":"info","service":"user-service"}
{"message":{"method":"POST","url":"/boards/67c7f775-3e9a-49be-a1f5-8e86f4bd8f55/tasks","body":{"title":"Task #2","order":2,"description":"Lorem ipsum","userId":"dc2d5c68-5325-433d-b7d5-7c8c48f0f0ca","boardId":"67c7f775-3e9a-49be-a1f5-8e86f4bd8f55"},"params":{}},"level":"info","service":"user-service"}
{"message":{"method":"DELETE","url":"/boards/f1697344-3dc4-46eb-8240-8068948aa1dc","body":{},"params":{}},"level":"info","service":"user-service"}
{"message":{"method":"POST","url":"/boards","body":{"title":"Autotest board","columns":[{"title":"Backlog","order":1},{"title":"Sprint","order":2}]},"params":{}},"level":"info","service":"user-service"}
{"message":{"method":"DELETE","url":"/users/dc2d5c68-5325-433d-b7d5-7c8c48f0f0ca","body":{},"params":{}},"level":"info","service":"user-service"}
{"message":{"method":"GET","url":"/boards/67c7f775-3e9a-49be-a1f5-8e86f4bd8f55/tasks/1b3e006c-1592-433e-b12a-f5275203686d","body":{},"params":{}},"level":"info","service":"user-service"}
{"message":{"method":"POST","url":"/boards/ba8e0f62-148d-4450-bec8-a0c5406bb80e/tasks","body":{"title":"Task #1","order":1,"description":"Lorem ipsum","boardId":"ba8e0f62-148d-4450-bec8-a0c5406bb80e","userId":null,"columnId":null},"params":{}},"level":"info","service":"user-service"}
{"message":{"method":"POST","url":"/boards/ba8e0f62-148d-4450-bec8-a0c5406bb80e/tasks","body":{"title":"Task #5","order":5,"description":"Lorem ipsum","boardId":"ba8e0f62-148d-4450-bec8-a0c5406bb80e","userId":null,"columnId":null},"params":{}},"level":"info","service":"user-service"}
{"message":{"method":"POST","url":"/boards/ba8e0f62-148d-4450-bec8-a0c5406bb80e/tasks","body":{"title":"Task #2","order":2,"description":"Lorem ipsum","boardId":"ba8e0f62-148d-4450-bec8-a0c5406bb80e","userId":null,"columnId":null},"params":{}},"level":"info","service":"user-service"}
{"message":{"method":"POST","url":"/boards/ba8e0f62-148d-4450-bec8-a0c5406bb80e/tasks","body":{"title":"Task #3","order":3,"description":"Lorem ipsum","boardId":"ba8e0f62-148d-4450-bec8-a0c5406bb80e","userId":null,"columnId":null},"params":{}},"level":"info","service":"user-service"}
{"message":{"method":"POST","url":"/boards/ba8e0f62-148d-4450-bec8-a0c5406bb80e/tasks","body":{"title":"Task #4","order":4,"description":"Lorem ipsum","boardId":"ba8e0f62-148d-4450-bec8-a0c5406bb80e","userId":null,"columnId":null},"params":{}},"level":"info","service":"user-service"}
{"message":{"method":"GET","url":"/boards/67c7f775-3e9a-49be-a1f5-8e86f4bd8f55/tasks/84f4f6de-8dab-44f6-8aa0-3eaeef86db40","body":{},"params":{}},"level":"info","service":"user-service"}
{"message":{"method":"GET","url":"/boards/ba8e0f62-148d-4450-bec8-a0c5406bb80e/tasks/604c50ba-a096-408c-8cc0-333cffc284c0","body":{},"params":{}},"level":"info","service":"user-service"}
{"message":{"method":"GET","url":"/boards/ba8e0f62-148d-4450-bec8-a0c5406bb80e/tasks/0ea1cbc5-87a6-4b23-ac78-a95f48ada16d","body":{},"params":{}},"level":"info","service":"user-service"}
{"message":{"method":"GET","url":"/boards/ba8e0f62-148d-4450-bec8-a0c5406bb80e/tasks/e1b03ad8-2fad-4400-9b83-ad16a2c11e52","body":{},"params":{}},"level":"info","service":"user-service"}
{"message":{"method":"GET","url":"/boards/ba8e0f62-148d-4450-bec8-a0c5406bb80e/tasks/95ef8e75-13ff-4c63-a952-c78bb4231052","body":{},"params":{}},"level":"info","service":"user-service"}
{"message":{"method":"GET","url":"/boards/ba8e0f62-148d-4450-bec8-a0c5406bb80e/tasks/f2376ddb-07e6-4eaa-86bc-581065d7411a","body":{},"params":{}},"level":"info","service":"user-service"}
{"message":{"method":"DELETE","url":"/boards/67c7f775-3e9a-49be-a1f5-8e86f4bd8f55/tasks/1b3e006c-1592-433e-b12a-f5275203686d","body":{},"params":{}},"level":"info","service":"user-service"}
{"message":{"method":"DELETE","url":"/boards/67c7f775-3e9a-49be-a1f5-8e86f4bd8f55/tasks/84f4f6de-8dab-44f6-8aa0-3eaeef86db40","body":{},"params":{}},"level":"info","service":"user-service"}
{"message":{"method":"DELETE","url":"/boards/ba8e0f62-148d-4450-bec8-a0c5406bb80e","body":{},"params":{}},"level":"info","service":"user-service"}
{"message":{"method":"DELETE","url":"/boards/67c7f775-3e9a-49be-a1f5-8e86f4bd8f55","body":{},"params":{}},"level":"info","service":"user-service"}
{"message":{"method":"GET","url":"/boards/ba8e0f62-148d-4450-bec8-a0c5406bb80e/tasks/604c50ba-a096-408c-8cc0-333cffc284c0","body":{},"params":{}},"level":"info","service":"user-service"}
{"message":{"method":"GET","url":"/boards/ba8e0f62-148d-4450-bec8-a0c5406bb80e/tasks/0ea1cbc5-87a6-4b23-ac78-a95f48ada16d","body":{},"params":{}},"level":"info","service":"user-service"}
{"message":{"method":"GET","url":"/boards/ba8e0f62-148d-4450-bec8-a0c5406bb80e/tasks/e1b03ad8-2fad-4400-9b83-ad16a2c11e52","body":{},"params":{}},"level":"info","service":"user-service"}
{"message":{"method":"GET","url":"/boards/ba8e0f62-148d-4450-bec8-a0c5406bb80e/tasks/95ef8e75-13ff-4c63-a952-c78bb4231052","body":{},"params":{}},"level":"info","service":"user-service"}
{"message":{"method":"GET","url":"/boards/ba8e0f62-148d-4450-bec8-a0c5406bb80e/tasks/f2376ddb-07e6-4eaa-86bc-581065d7411a","body":{},"params":{}},"level":"info","service":"user-service"}
{"message":{"method":"DELETE","url":"/boards/916c6fa9-df8b-4d19-8883-373f1588afb6","body":{},"params":{}},"level":"info","service":"user-service"}
